{"C:\\Users\\Coding\\Desktop\\Microverse\\todo-list\\src\\modules\\completeTodo.js": {"path":"C:\\Users\\Coding\\Desktop\\Microverse\\todo-list\\src\\modules\\completeTodo.js","statementMap":{"0":{"start":{"line":5,"column":22},"end":{"line":17,"column":1}},"1":{"start":{"line":6,"column":16},"end":{"line":6,"column":33}},"2":{"start":{"line":7,"column":16},"end":{"line":7,"column":26}},"3":{"start":{"line":9,"column":2},"end":{"line":13,"column":3}},"4":{"start":{"line":10,"column":4},"end":{"line":10,"column":39}},"5":{"start":{"line":12,"column":4},"end":{"line":12,"column":38}},"6":{"start":{"line":15,"column":2},"end":{"line":15,"column":18}},"7":{"start":{"line":16,"column":2},"end":{"line":16,"column":16}},"8":{"start":{"line":19,"column":41},"end":{"line":21,"column":1}},"9":{"start":{"line":20,"column":2},"end":{"line":20,"column":52}},"10":{"start":{"line":22,"column":43},"end":{"line":25,"column":1}},"11":{"start":{"line":23,"column":21},"end":{"line":23,"column":59}},"12":{"start":{"line":24,"column":2},"end":{"line":24,"column":55}}},"fnMap":{"0":{"name":"(anonymous_0)","decl":{"start":{"line":5,"column":22},"end":{"line":5,"column":23}},"loc":{"start":{"line":5,"column":38},"end":{"line":17,"column":1}},"line":5},"1":{"name":"(anonymous_1)","decl":{"start":{"line":19,"column":41},"end":{"line":19,"column":42}},"loc":{"start":{"line":19,"column":55},"end":{"line":21,"column":1}},"line":19},"2":{"name":"(anonymous_2)","decl":{"start":{"line":22,"column":43},"end":{"line":22,"column":44}},"loc":{"start":{"line":22,"column":49},"end":{"line":25,"column":1}},"line":22}},"branchMap":{"0":{"loc":{"start":{"line":9,"column":2},"end":{"line":13,"column":3}},"type":"if","locations":[{"start":{"line":9,"column":2},"end":{"line":13,"column":3}},{"start":{"line":11,"column":9},"end":{"line":13,"column":3}}],"line":9}},"s":{"0":2,"1":0,"2":0,"3":0,"4":0,"5":0,"6":0,"7":0,"8":2,"9":2,"10":2,"11":3,"12":3},"f":{"0":0,"1":2,"2":3},"b":{"0":[0,0]},"_coverageSchema":"1a1c01bbd47fc00a2c39e90264f33305004495a9","hash":"015fd0460833758e0b9efcbb6209a5df3cd46054"}
,"C:\\Users\\Coding\\Desktop\\Microverse\\todo-list\\src\\modules\\createTodo.js": {"path":"C:\\Users\\Coding\\Desktop\\Microverse\\todo-list\\src\\modules\\createTodo.js","statementMap":{"0":{"start":{"line":5,"column":18},"end":{"line":11,"column":1}},"1":{"start":{"line":6,"column":22},"end":{"line":6,"column":61}},"2":{"start":{"line":7,"column":2},"end":{"line":9,"column":3}},"3":{"start":{"line":8,"column":4},"end":{"line":8,"column":70}},"4":{"start":{"line":10,"column":2},"end":{"line":10,"column":14}},"5":{"start":{"line":13,"column":18},"end":{"line":15,"column":1}},"6":{"start":{"line":14,"column":2},"end":{"line":14,"column":40}},"7":{"start":{"line":17,"column":16},"end":{"line":25,"column":1}},"8":{"start":{"line":18,"column":16},"end":{"line":18,"column":26}},"9":{"start":{"line":19,"column":15},"end":{"line":19,"column":47}},"10":{"start":{"line":20,"column":2},"end":{"line":20,"column":28}},"11":{"start":{"line":20,"column":21},"end":{"line":20,"column":28}},"12":{"start":{"line":21,"column":2},"end":{"line":21,"column":19}},"13":{"start":{"line":22,"column":2},"end":{"line":22,"column":18}},"14":{"start":{"line":23,"column":2},"end":{"line":23,"column":28}},"15":{"start":{"line":24,"column":2},"end":{"line":24,"column":16}}},"fnMap":{"0":{"name":"(anonymous_0)","decl":{"start":{"line":5,"column":18},"end":{"line":5,"column":19}},"loc":{"start":{"line":5,"column":45},"end":{"line":11,"column":1}},"line":5},"1":{"name":"(anonymous_1)","decl":{"start":{"line":13,"column":18},"end":{"line":13,"column":19}},"loc":{"start":{"line":13,"column":38},"end":{"line":15,"column":1}},"line":13},"2":{"name":"(anonymous_2)","decl":{"start":{"line":17,"column":16},"end":{"line":17,"column":17}},"loc":{"start":{"line":17,"column":36},"end":{"line":25,"column":1}},"line":17}},"branchMap":{"0":{"loc":{"start":{"line":7,"column":2},"end":{"line":9,"column":3}},"type":"if","locations":[{"start":{"line":7,"column":2},"end":{"line":9,"column":3}},{"start":{},"end":{}}],"line":7},"1":{"loc":{"start":{"line":20,"column":2},"end":{"line":20,"column":28}},"type":"if","locations":[{"start":{"line":20,"column":2},"end":{"line":20,"column":28}},{"start":{},"end":{}}],"line":20}},"s":{"0":2,"1":2,"2":2,"3":2,"4":0,"5":2,"6":2,"7":2,"8":2,"9":2,"10":2,"11":0,"12":2,"13":2,"14":2,"15":2},"f":{"0":2,"1":2,"2":2},"b":{"0":[2,0],"1":[0,2]},"_coverageSchema":"1a1c01bbd47fc00a2c39e90264f33305004495a9","hash":"0933d9731fd5465712af813c9c038be1cbbaad77"}
,"C:\\Users\\Coding\\Desktop\\Microverse\\todo-list\\src\\modules\\deleteTodo.js": {"path":"C:\\Users\\Coding\\Desktop\\Microverse\\todo-list\\src\\modules\\deleteTodo.js","statementMap":{"0":{"start":{"line":5,"column":23},"end":{"line":15,"column":1}},"1":{"start":{"line":6,"column":16},"end":{"line":6,"column":18}},"2":{"start":{"line":7,"column":16},"end":{"line":11,"column":6}},"3":{"start":{"line":7,"column":44},"end":{"line":7,"column":72}},"4":{"start":{"line":9,"column":6},"end":{"line":9,"column":25}},"5":{"start":{"line":10,"column":6},"end":{"line":10,"column":18}},"6":{"start":{"line":13,"column":2},"end":{"line":13,"column":18}},"7":{"start":{"line":14,"column":2},"end":{"line":14,"column":16}},"8":{"start":{"line":17,"column":17},"end":{"line":20,"column":1}},"9":{"start":{"line":18,"column":16},"end":{"line":18,"column":40}},"10":{"start":{"line":19,"column":2},"end":{"line":19,"column":24}},"11":{"start":{"line":22,"column":34},"end":{"line":24,"column":1}},"12":{"start":{"line":23,"column":2},"end":{"line":23,"column":48}},"13":{"start":{"line":25,"column":36},"end":{"line":28,"column":1}},"14":{"start":{"line":26,"column":21},"end":{"line":26,"column":61}},"15":{"start":{"line":27,"column":2},"end":{"line":27,"column":48}}},"fnMap":{"0":{"name":"(anonymous_0)","decl":{"start":{"line":5,"column":23},"end":{"line":5,"column":24}},"loc":{"start":{"line":5,"column":31},"end":{"line":15,"column":1}},"line":5},"1":{"name":"(anonymous_1)","decl":{"start":{"line":7,"column":34},"end":{"line":7,"column":35}},"loc":{"start":{"line":7,"column":44},"end":{"line":7,"column":72}},"line":7},"2":{"name":"(anonymous_2)","decl":{"start":{"line":8,"column":9},"end":{"line":8,"column":10}},"loc":{"start":{"line":8,"column":22},"end":{"line":11,"column":5}},"line":8},"3":{"name":"(anonymous_3)","decl":{"start":{"line":17,"column":17},"end":{"line":17,"column":18}},"loc":{"start":{"line":17,"column":33},"end":{"line":20,"column":1}},"line":17},"4":{"name":"(anonymous_4)","decl":{"start":{"line":22,"column":34},"end":{"line":22,"column":35}},"loc":{"start":{"line":22,"column":49},"end":{"line":24,"column":1}},"line":22},"5":{"name":"(anonymous_5)","decl":{"start":{"line":25,"column":36},"end":{"line":25,"column":37}},"loc":{"start":{"line":25,"column":42},"end":{"line":28,"column":1}},"line":25}},"branchMap":{},"s":{"0":2,"1":1,"2":1,"3":1,"4":0,"5":0,"6":1,"7":1,"8":2,"9":0,"10":0,"11":2,"12":2,"13":2,"14":3,"15":3},"f":{"0":1,"1":1,"2":0,"3":0,"4":2,"5":3},"b":{},"_coverageSchema":"1a1c01bbd47fc00a2c39e90264f33305004495a9","hash":"235740ac54014792098630f84f8b53b6d9c2b0f1"}
,"C:\\Users\\Coding\\Desktop\\Microverse\\todo-list\\src\\modules\\draggableSort.js": {"path":"C:\\Users\\Coding\\Desktop\\Microverse\\todo-list\\src\\modules\\draggableSort.js","statementMap":{"0":{"start":{"line":1,"column":40},"end":{"line":24,"column":1}},"1":{"start":{"line":2,"column":15},"end":{"line":2,"column":46}},"2":{"start":{"line":3,"column":2},"end":{"line":23,"column":5}},"3":{"start":{"line":4,"column":4},"end":{"line":6,"column":7}},"4":{"start":{"line":5,"column":6},"end":{"line":5,"column":41}},"5":{"start":{"line":7,"column":4},"end":{"line":9,"column":7}},"6":{"start":{"line":8,"column":6},"end":{"line":8,"column":44}},"7":{"start":{"line":10,"column":20},"end":{"line":10,"column":21}},"8":{"start":{"line":11,"column":4},"end":{"line":22,"column":7}},"9":{"start":{"line":12,"column":6},"end":{"line":12,"column":25}},"10":{"start":{"line":13,"column":23},"end":{"line":13,"column":58}},"11":{"start":{"line":14,"column":37},"end":{"line":14,"column":59}},"12":{"start":{"line":16,"column":6},"end":{"line":20,"column":7}},"13":{"start":{"line":17,"column":8},"end":{"line":17,"column":48}},"14":{"start":{"line":19,"column":8},"end":{"line":19,"column":47}},"15":{"start":{"line":21,"column":6},"end":{"line":21,"column":28}}},"fnMap":{"0":{"name":"(anonymous_0)","decl":{"start":{"line":1,"column":40},"end":{"line":1,"column":41}},"loc":{"start":{"line":1,"column":46},"end":{"line":24,"column":1}},"line":1},"1":{"name":"(anonymous_1)","decl":{"start":{"line":3,"column":15},"end":{"line":3,"column":16}},"loc":{"start":{"line":3,"column":29},"end":{"line":23,"column":3}},"line":3},"2":{"name":"(anonymous_2)","decl":{"start":{"line":4,"column":43},"end":{"line":4,"column":44}},"loc":{"start":{"line":4,"column":49},"end":{"line":6,"column":5}},"line":4},"3":{"name":"(anonymous_3)","decl":{"start":{"line":7,"column":41},"end":{"line":7,"column":42}},"loc":{"start":{"line":7,"column":47},"end":{"line":9,"column":5}},"line":7},"4":{"name":"(anonymous_4)","decl":{"start":{"line":11,"column":42},"end":{"line":11,"column":43}},"loc":{"start":{"line":11,"column":49},"end":{"line":22,"column":5}},"line":11}},"branchMap":{"0":{"loc":{"start":{"line":16,"column":6},"end":{"line":20,"column":7}},"type":"if","locations":[{"start":{"line":16,"column":6},"end":{"line":20,"column":7}},{"start":{"line":18,"column":13},"end":{"line":20,"column":7}}],"line":16}},"s":{"0":2,"1":3,"2":3,"3":2,"4":0,"5":2,"6":0,"7":2,"8":2,"9":0,"10":0,"11":0,"12":0,"13":0,"14":0,"15":0},"f":{"0":3,"1":2,"2":0,"3":0,"4":0},"b":{"0":[0,0]},"_coverageSchema":"1a1c01bbd47fc00a2c39e90264f33305004495a9","hash":"63d4ecb785bbcb7d017b7751625cb75bfc8e4858"}
,"C:\\Users\\Coding\\Desktop\\Microverse\\todo-list\\src\\modules\\renderTodos.js": {"path":"C:\\Users\\Coding\\Desktop\\Microverse\\todo-list\\src\\modules\\renderTodos.js","statementMap":{"0":{"start":{"line":7,"column":31},"end":{"line":12,"column":1}},"1":{"start":{"line":8,"column":2},"end":{"line":8,"column":32}},"2":{"start":{"line":9,"column":2},"end":{"line":9,"column":32}},"3":{"start":{"line":10,"column":2},"end":{"line":10,"column":39}},"4":{"start":{"line":11,"column":2},"end":{"line":11,"column":36}},"5":{"start":{"line":14,"column":20},"end":{"line":33,"column":1}},"6":{"start":{"line":15,"column":28},"end":{"line":15,"column":64}},"7":{"start":{"line":16,"column":21},"end":{"line":30,"column":15}},"8":{"start":{"line":16,"column":47},"end":{"line":16,"column":64}},"9":{"start":{"line":18,"column":6},"end":{"line":29,"column":13}},"10":{"start":{"line":31,"column":2},"end":{"line":31,"column":59}},"11":{"start":{"line":32,"column":2},"end":{"line":32,"column":27}}},"fnMap":{"0":{"name":"(anonymous_0)","decl":{"start":{"line":7,"column":31},"end":{"line":7,"column":32}},"loc":{"start":{"line":7,"column":37},"end":{"line":12,"column":1}},"line":7},"1":{"name":"(anonymous_1)","decl":{"start":{"line":14,"column":20},"end":{"line":14,"column":21}},"loc":{"start":{"line":14,"column":26},"end":{"line":33,"column":1}},"line":14},"2":{"name":"(anonymous_2)","decl":{"start":{"line":16,"column":37},"end":{"line":16,"column":38}},"loc":{"start":{"line":16,"column":47},"end":{"line":16,"column":64}},"line":16},"3":{"name":"(anonymous_3)","decl":{"start":{"line":17,"column":9},"end":{"line":17,"column":10}},"loc":{"start":{"line":18,"column":6},"end":{"line":29,"column":13}},"line":18}},"branchMap":{"0":{"loc":{"start":{"line":20,"column":66},"end":{"line":20,"column":92}},"type":"cond-expr","locations":[{"start":{"line":20,"column":78},"end":{"line":20,"column":87}},{"start":{"line":20,"column":90},"end":{"line":20,"column":92}}],"line":20},"1":{"loc":{"start":{"line":21,"column":22},"end":{"line":21,"column":50}},"type":"cond-expr","locations":[{"start":{"line":21,"column":34},"end":{"line":21,"column":45}},{"start":{"line":21,"column":48},"end":{"line":21,"column":50}}],"line":21}},"s":{"0":2,"1":3,"2":3,"3":3,"4":3,"5":2,"6":3,"7":3,"8":0,"9":2,"10":3,"11":3},"f":{"0":3,"1":3,"2":0,"3":2},"b":{"0":[0,2],"1":[0,2]},"_coverageSchema":"1a1c01bbd47fc00a2c39e90264f33305004495a9","hash":"b3ff803f8782c729b1807d31d75746322e46d71d"}
,"C:\\Users\\Coding\\Desktop\\Microverse\\todo-list\\src\\modules\\saveTodo.js": {"path":"C:\\Users\\Coding\\Desktop\\Microverse\\todo-list\\src\\modules\\saveTodo.js","statementMap":{"0":{"start":{"line":1,"column":17},"end":{"line":3,"column":1}},"1":{"start":{"line":2,"column":2},"end":{"line":2,"column":55}}},"fnMap":{"0":{"name":"(anonymous_0)","decl":{"start":{"line":1,"column":17},"end":{"line":1,"column":18}},"loc":{"start":{"line":1,"column":28},"end":{"line":3,"column":1}},"line":1}},"branchMap":{},"s":{"0":2,"1":3},"f":{"0":3},"b":{},"_coverageSchema":"1a1c01bbd47fc00a2c39e90264f33305004495a9","hash":"0a9531f0236952ba3a8d956e1fc303782b02426d"}
,"C:\\Users\\Coding\\Desktop\\Microverse\\todo-list\\src\\modules\\todos.js": {"path":"C:\\Users\\Coding\\Desktop\\Microverse\\todo-list\\src\\modules\\todos.js","statementMap":{"0":{"start":{"line":1,"column":17},"end":{"line":1,"column":103}},"1":{"start":{"line":1,"column":24},"end":{"line":1,"column":102}}},"fnMap":{"0":{"name":"(anonymous_0)","decl":{"start":{"line":1,"column":17},"end":{"line":1,"column":18}},"loc":{"start":{"line":1,"column":24},"end":{"line":1,"column":102}},"line":1}},"branchMap":{"0":{"loc":{"start":{"line":1,"column":24},"end":{"line":1,"column":102}},"type":"cond-expr","locations":[{"start":{"line":1,"column":56},"end":{"line":1,"column":97}},{"start":{"line":1,"column":100},"end":{"line":1,"column":102}}],"line":1}},"s":{"0":2,"1":6},"f":{"0":6},"b":{"0":[4,2]},"_coverageSchema":"1a1c01bbd47fc00a2c39e90264f33305004495a9","hash":"ac19537cfdae852964bf222d18d53099e22e729f"}
,"C:\\Users\\Coding\\Desktop\\Microverse\\todo-list\\src\\modules\\updateTodo.js": {"path":"C:\\Users\\Coding\\Desktop\\Microverse\\todo-list\\src\\modules\\updateTodo.js","statementMap":{"0":{"start":{"line":5,"column":21},"end":{"line":26,"column":1}},"1":{"start":{"line":6,"column":21},"end":{"line":6,"column":30}},"2":{"start":{"line":7,"column":21},"end":{"line":7,"column":41}},"3":{"start":{"line":8,"column":2},"end":{"line":8,"column":40}},"4":{"start":{"line":9,"column":2},"end":{"line":9,"column":43}},"5":{"start":{"line":10,"column":22},"end":{"line":10,"column":63}},"6":{"start":{"line":11,"column":2},"end":{"line":11,"column":41}},"7":{"start":{"line":12,"column":2},"end":{"line":12,"column":66}},"8":{"start":{"line":13,"column":2},"end":{"line":13,"column":69}},"9":{"start":{"line":14,"column":30},"end":{"line":14,"column":61}},"10":{"start":{"line":15,"column":15},"end":{"line":15,"column":45}},"11":{"start":{"line":16,"column":2},"end":{"line":16,"column":39}},"12":{"start":{"line":17,"column":2},"end":{"line":17,"column":36}},"13":{"start":{"line":18,"column":16},"end":{"line":18,"column":47}},"14":{"start":{"line":19,"column":2},"end":{"line":19,"column":44}},"15":{"start":{"line":20,"column":2},"end":{"line":20,"column":42}},"16":{"start":{"line":21,"column":2},"end":{"line":21,"column":43}},"17":{"start":{"line":22,"column":2},"end":{"line":22,"column":38}},"18":{"start":{"line":23,"column":2},"end":{"line":23,"column":39}},"19":{"start":{"line":24,"column":2},"end":{"line":24,"column":26}},"20":{"start":{"line":25,"column":2},"end":{"line":25,"column":40}},"21":{"start":{"line":28,"column":18},"end":{"line":34,"column":1}},"22":{"start":{"line":29,"column":2},"end":{"line":29,"column":41}},"23":{"start":{"line":30,"column":2},"end":{"line":32,"column":3}},"24":{"start":{"line":31,"column":4},"end":{"line":31,"column":70}},"25":{"start":{"line":33,"column":2},"end":{"line":33,"column":14}},"26":{"start":{"line":36,"column":15},"end":{"line":45,"column":1}},"27":{"start":{"line":37,"column":2},"end":{"line":37,"column":21}},"28":{"start":{"line":38,"column":16},"end":{"line":38,"column":26}},"29":{"start":{"line":39,"column":22},"end":{"line":39,"column":48}},"30":{"start":{"line":40,"column":2},"end":{"line":40,"column":35}},"31":{"start":{"line":40,"column":28},"end":{"line":40,"column":35}},"32":{"start":{"line":41,"column":16},"end":{"line":41,"column":54}},"33":{"start":{"line":42,"column":2},"end":{"line":42,"column":57}},"34":{"start":{"line":43,"column":2},"end":{"line":43,"column":18}},"35":{"start":{"line":44,"column":2},"end":{"line":44,"column":16}},"36":{"start":{"line":47,"column":38},"end":{"line":52,"column":1}},"37":{"start":{"line":48,"column":2},"end":{"line":48,"column":23}},"38":{"start":{"line":49,"column":25},"end":{"line":49,"column":66}},"39":{"start":{"line":50,"column":2},"end":{"line":50,"column":38}},"40":{"start":{"line":51,"column":2},"end":{"line":51,"column":52}},"41":{"start":{"line":54,"column":40},"end":{"line":56,"column":1}},"42":{"start":{"line":55,"column":2},"end":{"line":55,"column":71}},"43":{"start":{"line":57,"column":36},"end":{"line":60,"column":1}},"44":{"start":{"line":58,"column":23},"end":{"line":58,"column":67}},"45":{"start":{"line":59,"column":2},"end":{"line":59,"column":56}}},"fnMap":{"0":{"name":"(anonymous_0)","decl":{"start":{"line":5,"column":21},"end":{"line":5,"column":22}},"loc":{"start":{"line":5,"column":33},"end":{"line":26,"column":1}},"line":5},"1":{"name":"(anonymous_1)","decl":{"start":{"line":28,"column":18},"end":{"line":28,"column":19}},"loc":{"start":{"line":28,"column":46},"end":{"line":34,"column":1}},"line":28},"2":{"name":"(anonymous_2)","decl":{"start":{"line":36,"column":15},"end":{"line":36,"column":16}},"loc":{"start":{"line":36,"column":22},"end":{"line":45,"column":1}},"line":36},"3":{"name":"(anonymous_3)","decl":{"start":{"line":47,"column":38},"end":{"line":47,"column":39}},"loc":{"start":{"line":47,"column":54},"end":{"line":52,"column":1}},"line":47},"4":{"name":"(anonymous_4)","decl":{"start":{"line":54,"column":40},"end":{"line":54,"column":41}},"loc":{"start":{"line":54,"column":57},"end":{"line":56,"column":1}},"line":54},"5":{"name":"(anonymous_5)","decl":{"start":{"line":57,"column":36},"end":{"line":57,"column":37}},"loc":{"start":{"line":57,"column":42},"end":{"line":60,"column":1}},"line":57}},"branchMap":{"0":{"loc":{"start":{"line":30,"column":2},"end":{"line":32,"column":3}},"type":"if","locations":[{"start":{"line":30,"column":2},"end":{"line":32,"column":3}},{"start":{},"end":{}}],"line":30},"1":{"loc":{"start":{"line":40,"column":2},"end":{"line":40,"column":35}},"type":"if","locations":[{"start":{"line":40,"column":2},"end":{"line":40,"column":35}},{"start":{},"end":{}}],"line":40}},"s":{"0":2,"1":0,"2":0,"3":0,"4":0,"5":0,"6":0,"7":0,"8":0,"9":0,"10":0,"11":0,"12":0,"13":0,"14":0,"15":0,"16":0,"17":0,"18":0,"19":0,"20":0,"21":2,"22":0,"23":0,"24":0,"25":0,"26":2,"27":0,"28":0,"29":0,"30":0,"31":0,"32":0,"33":0,"34":0,"35":0,"36":2,"37":0,"38":0,"39":0,"40":0,"41":2,"42":2,"43":2,"44":3,"45":3},"f":{"0":0,"1":0,"2":0,"3":0,"4":2,"5":3},"b":{"0":[0,0],"1":[0,0]},"_coverageSchema":"1a1c01bbd47fc00a2c39e90264f33305004495a9","hash":"5fb1cf38c670a9bdf50941f9fc539ab8348b6ec6"}
,"C:\\Users\\Coding\\Desktop\\Microverse\\todo-list\\unit test\\__mock__\\createTodoDomMock.js": {"path":"C:\\Users\\Coding\\Desktop\\Microverse\\todo-list\\unit test\\__mock__\\createTodoDomMock.js","statementMap":{"0":{"start":{"line":1,"column":26},"end":{"line":26,"column":1}},"1":{"start":{"line":2,"column":2},"end":{"line":25,"column":5}}},"fnMap":{"0":{"name":"(anonymous_0)","decl":{"start":{"line":1,"column":26},"end":{"line":1,"column":27}},"loc":{"start":{"line":1,"column":37},"end":{"line":26,"column":1}},"line":1}},"branchMap":{},"s":{"0":2,"1":2},"f":{"0":2},"b":{},"_coverageSchema":"1a1c01bbd47fc00a2c39e90264f33305004495a9","hash":"572720350f07a47a31dfdb94535ae0b536cc9877"}
}
