TN:
SF:src\modules\completeTodo.js
FN:5,(anonymous_0)
FN:19,(anonymous_1)
FN:22,(anonymous_2)
FNF:3
FNH:2
FNDA:0,(anonymous_0)
FNDA:2,(anonymous_1)
FNDA:3,(anonymous_2)
DA:5,2
DA:6,0
DA:7,0
DA:9,0
DA:10,0
DA:12,0
DA:15,0
DA:16,0
DA:19,2
DA:20,2
DA:22,2
DA:23,3
DA:24,3
LF:13
LH:6
BRDA:9,0,0,0
BRDA:9,0,1,0
BRF:2
BRH:0
end_of_record
TN:
SF:src\modules\createTodo.js
FN:5,(anonymous_0)
FN:13,(anonymous_1)
FN:17,(anonymous_2)
FNF:3
FNH:3
FNDA:2,(anonymous_0)
FNDA:2,(anonymous_1)
FNDA:2,(anonymous_2)
DA:5,2
DA:6,2
DA:7,2
DA:8,2
DA:10,0
DA:13,2
DA:14,2
DA:17,2
DA:18,2
DA:19,2
DA:20,2
DA:21,2
DA:22,2
DA:23,2
DA:24,2
LF:15
LH:14
BRDA:7,0,0,2
BRDA:7,0,1,0
BRDA:20,1,0,0
BRDA:20,1,1,2
BRF:4
BRH:2
end_of_record
TN:
SF:src\modules\deleteTodo.js
FN:5,(anonymous_0)
FN:7,(anonymous_1)
FN:8,(anonymous_2)
FN:17,(anonymous_3)
FN:22,(anonymous_4)
FN:25,(anonymous_5)
FNF:6
FNH:4
FNDA:1,(anonymous_0)
FNDA:1,(anonymous_1)
FNDA:0,(anonymous_2)
FNDA:0,(anonymous_3)
FNDA:2,(anonymous_4)
FNDA:3,(anonymous_5)
DA:5,2
DA:6,1
DA:7,1
DA:9,0
DA:10,0
DA:13,1
DA:14,1
DA:17,2
DA:18,0
DA:19,0
DA:22,2
DA:23,2
DA:25,2
DA:26,3
DA:27,3
LF:15
LH:11
BRF:0
BRH:0
end_of_record
TN:
SF:src\modules\draggableSort.js
FN:1,(anonymous_0)
FN:3,(anonymous_1)
FN:4,(anonymous_2)
FN:7,(anonymous_3)
FN:11,(anonymous_4)
FNF:5
FNH:2
FNDA:3,(anonymous_0)
FNDA:2,(anonymous_1)
FNDA:0,(anonymous_2)
FNDA:0,(anonymous_3)
FNDA:0,(anonymous_4)
DA:1,2
DA:2,3
DA:3,3
DA:4,2
DA:5,0
DA:7,2
DA:8,0
DA:10,2
DA:11,2
DA:12,0
DA:13,0
DA:14,0
DA:16,0
DA:17,0
DA:19,0
DA:21,0
LF:16
LH:7
BRDA:16,0,0,0
BRDA:16,0,1,0
BRF:2
BRH:0
end_of_record
TN:
SF:src\modules\renderTodos.js
FN:7,(anonymous_0)
FN:14,(anonymous_1)
FN:16,(anonymous_2)
FN:17,(anonymous_3)
FNF:4
FNH:3
FNDA:3,(anonymous_0)
FNDA:3,(anonymous_1)
FNDA:0,(anonymous_2)
FNDA:2,(anonymous_3)
DA:7,2
DA:8,3
DA:9,3
DA:10,3
DA:11,3
DA:14,2
DA:15,3
DA:16,3
DA:18,2
DA:31,3
DA:32,3
LF:11
LH:11
BRDA:20,0,0,0
BRDA:20,0,1,2
BRDA:21,1,0,0
BRDA:21,1,1,2
BRF:4
BRH:2
end_of_record
TN:
SF:src\modules\saveTodo.js
FN:1,(anonymous_0)
FNF:1
FNH:1
FNDA:3,(anonymous_0)
DA:1,2
DA:2,3
LF:2
LH:2
BRF:0
BRH:0
end_of_record
TN:
SF:src\modules\todos.js
FN:1,(anonymous_0)
FNF:1
FNH:1
FNDA:6,(anonymous_0)
DA:1,6
LF:1
LH:1
BRDA:1,0,0,4
BRDA:1,0,1,2
BRF:2
BRH:2
end_of_record
TN:
SF:src\modules\updateTodo.js
FN:5,(anonymous_0)
FN:28,(anonymous_1)
FN:36,(anonymous_2)
FN:47,(anonymous_3)
FN:54,(anonymous_4)
FN:57,(anonymous_5)
FNF:6
FNH:2
FNDA:0,(anonymous_0)
FNDA:0,(anonymous_1)
FNDA:0,(anonymous_2)
FNDA:0,(anonymous_3)
FNDA:2,(anonymous_4)
FNDA:3,(anonymous_5)
DA:5,2
DA:6,0
DA:7,0
DA:8,0
DA:9,0
DA:10,0
DA:11,0
DA:12,0
DA:13,0
DA:14,0
DA:15,0
DA:16,0
DA:17,0
DA:18,0
DA:19,0
DA:20,0
DA:21,0
DA:22,0
DA:23,0
DA:24,0
DA:25,0
DA:28,2
DA:29,0
DA:30,0
DA:31,0
DA:33,0
DA:36,2
DA:37,0
DA:38,0
DA:39,0
DA:40,0
DA:41,0
DA:42,0
DA:43,0
DA:44,0
DA:47,2
DA:48,0
DA:49,0
DA:50,0
DA:51,0
DA:54,2
DA:55,2
DA:57,2
DA:58,3
DA:59,3
LF:45
LH:9
BRDA:30,0,0,0
BRDA:30,0,1,0
BRDA:40,1,0,0
BRDA:40,1,1,0
BRF:4
BRH:0
end_of_record
TN:
SF:unit test\__mock__\createTodoDomMock.js
FN:1,(anonymous_0)
FNF:1
FNH:1
FNDA:2,(anonymous_0)
DA:1,2
DA:2,2
LF:2
LH:2
BRF:0
BRH:0
end_of_record
